Using pre-set license
Built from '2022.3/staging' branch; Version is '2022.3.25f1 (530ae0ba3889) revision 5442272'; Using compiler version '192829333'; Build Type 'Release'
OS: 'Windows 11  (10.0.22631) 64bit Core' Language: 'pl' Physical Memory: 32446 MB
BatchMode: 1, IsHumanControllingUs: 0, StartBugReporterOnCrash: 0, Is64bit: 1, IsPro: 1

COMMAND LINE ARGUMENTS:
C:\Program Files\Unity\Hub\Editor\2022.3.25f1\Editor\Unity.exe
-adb2
-batchMode
-noUpm
-name
AssetImportWorker0
-projectPath
C:/Users/click/Documents/GitHub/Black-Hole-Ballet
-logFile
Logs/AssetImportWorker0.log
-srvPort
58600
Successfully changed project path to: C:/Users/click/Documents/GitHub/Black-Hole-Ballet
C:/Users/click/Documents/GitHub/Black-Hole-Ballet
[UnityMemory] Configuration Parameters - Can be set up in boot.config
    "memorysetup-bucket-allocator-granularity=16"
    "memorysetup-bucket-allocator-bucket-count=8"
    "memorysetup-bucket-allocator-block-size=33554432"
    "memorysetup-bucket-allocator-block-count=8"
    "memorysetup-main-allocator-block-size=16777216"
    "memorysetup-thread-allocator-block-size=16777216"
    "memorysetup-gfx-main-allocator-block-size=16777216"
    "memorysetup-gfx-thread-allocator-block-size=16777216"
    "memorysetup-cache-allocator-block-size=4194304"
    "memorysetup-typetree-allocator-block-size=2097152"
    "memorysetup-profiler-bucket-allocator-granularity=16"
    "memorysetup-profiler-bucket-allocator-bucket-count=8"
    "memorysetup-profiler-bucket-allocator-block-size=33554432"
    "memorysetup-profiler-bucket-allocator-block-count=8"
    "memorysetup-profiler-allocator-block-size=16777216"
    "memorysetup-profiler-editor-allocator-block-size=1048576"
    "memorysetup-temp-allocator-size-main=16777216"
    "memorysetup-job-temp-allocator-block-size=2097152"
    "memorysetup-job-temp-allocator-block-size-background=1048576"
    "memorysetup-job-temp-allocator-reduction-small-platforms=262144"
    "memorysetup-allocator-temp-initial-block-size-main=262144"
    "memorysetup-allocator-temp-initial-block-size-worker=262144"
    "memorysetup-temp-allocator-size-background-worker=32768"
    "memorysetup-temp-allocator-size-job-worker=262144"
    "memorysetup-temp-allocator-size-preload-manager=33554432"
    "memorysetup-temp-allocator-size-nav-mesh-worker=65536"
    "memorysetup-temp-allocator-size-audio-worker=65536"
    "memorysetup-temp-allocator-size-cloud-worker=32768"
    "memorysetup-temp-allocator-size-gi-baking-worker=262144"
    "memorysetup-temp-allocator-size-gfx=262144"
Player connection [11668] Host "[IP] 192.168.18.24 [Port] 0 [Flags] 2 [Guid] 3162583403 [EditorId] 3162583403 [Version] 1048832 [Id] WindowsEditor(7,DESKTOP-G5PE30G) [Debug] 1 [PackageName] WindowsEditor [ProjectName] Editor" joined multi-casting on [225.0.0.222:54997]...

Player connection [11668] Host "[IP] 192.168.18.24 [Port] 0 [Flags] 2 [Guid] 3162583403 [EditorId] 3162583403 [Version] 1048832 [Id] WindowsEditor(7,DESKTOP-G5PE30G) [Debug] 1 [PackageName] WindowsEditor [ProjectName] Editor" joined alternative multi-casting on [225.0.0.222:34997]...

[Physics::Module] Initialized MultithreadedJobDispatcher with 11 workers.
Refreshing native plugins compatible for Editor in 11.46 ms, found 4 plugins.
Preloading 0 native plugins for Editor in 0.00 ms.
Initialize engine version: 2022.3.25f1 (530ae0ba3889)
[Subsystems] Discovering subsystems at path C:/Program Files/Unity/Hub/Editor/2022.3.25f1/Editor/Data/Resources/UnitySubsystems
[Subsystems] Discovering subsystems at path C:/Users/click/Documents/GitHub/Black-Hole-Ballet/Assets
GfxDevice: creating device client; threaded=0; jobified=0
Direct3D:
    Version:  Direct3D 11.0 [level 11.1]
    Renderer: AMD Radeon RX 6650 XT (ID=0x73ef)
    Vendor:   ATI
    VRAM:     8146 MB
    Driver:   32.0.11027.1003
Initialize mono
Mono path[0] = 'C:/Program Files/Unity/Hub/Editor/2022.3.25f1/Editor/Data/Managed'
Mono path[1] = 'C:/Program Files/Unity/Hub/Editor/2022.3.25f1/Editor/Data/MonoBleedingEdge/lib/mono/unityjit-win32'
Mono config path = 'C:/Program Files/Unity/Hub/Editor/2022.3.25f1/Editor/Data/MonoBleedingEdge/etc'
Using monoOptions --debugger-agent=transport=dt_socket,embedding=1,server=y,suspend=n,address=127.0.0.1:56716
Begin MonoManager ReloadAssembly
Registering precompiled unity dll's ...
Register platform support module: C:/Program Files/Unity/Hub/Editor/2022.3.25f1/Editor/Data/PlaybackEngines/WindowsStandaloneSupport/UnityEditor.WindowsStandalone.Extensions.dll
Registered in 0.005296 seconds.
- Loaded All Assemblies, in  0.245 seconds
Native extension for WindowsStandalone target not found
Mono: successfully reloaded assembly
- Finished resetting the current domain, in  0.166 seconds
Domain Reload Profiling: 409ms
	BeginReloadAssembly (84ms)
		ExecutionOrderSort (0ms)
		DisableScriptedObjects (0ms)
		BackupInstance (0ms)
		ReleaseScriptingObjects (0ms)
		CreateAndSetChildDomain (0ms)
	RebuildCommonClasses (21ms)
	RebuildNativeTypeToScriptingClass (7ms)
	initialDomainReloadingComplete (39ms)
	LoadAllAssembliesAndSetupDomain (93ms)
		LoadAssemblies (82ms)
		RebuildTransferFunctionScriptingTraits (0ms)
		AnalyzeDomain (91ms)
			TypeCache.Refresh (91ms)
				TypeCache.ScanAssembly (81ms)
			ScanForSourceGeneratedMonoScriptInfo (0ms)
			ResolveRequiredComponents (0ms)
	FinalizeReload (166ms)
		ReleaseScriptCaches (0ms)
		RebuildScriptCaches (0ms)
		SetupLoadedEditorAssemblies (132ms)
			LogAssemblyErrors (0ms)
			InitializePlatformSupportModulesInManaged (6ms)
			SetLoadedEditorAssemblies (4ms)
			RefreshPlugins (0ms)
			BeforeProcessingInitializeOnLoad (2ms)
			ProcessInitializeOnLoadAttributes (90ms)
			ProcessInitializeOnLoadMethodAttributes (31ms)
			AfterProcessingInitializeOnLoad (0ms)
			EditorAssembliesLoaded (0ms)
		ExecutionOrderSort2 (0ms)
		AwakeInstancesAfterBackupRestoration (0ms)
========================================================================
Worker process is ready to serve import requests
Begin MonoManager ReloadAssembly
- Loaded All Assemblies, in  0.494 seconds
Refreshing native plugins compatible for Editor in 3.75 ms, found 4 plugins.
Native extension for WindowsStandalone target not found
Package Manager log level set to [2]
[Package Manager] Server::EnsureServerProcessIsRunning -- launch failed, reason: Unity was launched with the -noUpm command-line argument
[Package Manager] UpmClient::Send -- Unable to send message (not connected to UPM process).
[Package Manager] Cannot connect to Unity Package Manager local server
Mono: successfully reloaded assembly
- Finished resetting the current domain, in  0.473 seconds
Domain Reload Profiling: 963ms
	BeginReloadAssembly (104ms)
		ExecutionOrderSort (0ms)
		DisableScriptedObjects (3ms)
		BackupInstance (0ms)
		ReleaseScriptingObjects (0ms)
		CreateAndSetChildDomain (16ms)
	RebuildCommonClasses (20ms)
	RebuildNativeTypeToScriptingClass (6ms)
	initialDomainReloadingComplete (27ms)
	LoadAllAssembliesAndSetupDomain (333ms)
		LoadAssemblies (249ms)
		RebuildTransferFunctionScriptingTraits (0ms)
		AnalyzeDomain (145ms)
			TypeCache.Refresh (120ms)
				TypeCache.ScanAssembly (110ms)
			ScanForSourceGeneratedMonoScriptInfo (19ms)
			ResolveRequiredComponents (6ms)
	FinalizeReload (473ms)
		ReleaseScriptCaches (0ms)
		RebuildScriptCaches (0ms)
		SetupLoadedEditorAssemblies (368ms)
			LogAssemblyErrors (0ms)
			InitializePlatformSupportModulesInManaged (4ms)
			SetLoadedEditorAssemblies (3ms)
			RefreshPlugins (0ms)
			BeforeProcessingInitializeOnLoad (55ms)
			ProcessInitializeOnLoadAttributes (249ms)
			ProcessInitializeOnLoadMethodAttributes (52ms)
			AfterProcessingInitializeOnLoad (5ms)
			EditorAssembliesLoaded (0ms)
		ExecutionOrderSort2 (0ms)
		AwakeInstancesAfterBackupRestoration (5ms)
Launched and connected shader compiler UnityShaderCompiler.exe after 0.03 seconds
Refreshing native plugins compatible for Editor in 3.65 ms, found 4 plugins.
Preloading 0 native plugins for Editor in 0.00 ms.
Unloading 5793 Unused Serialized files (Serialized files now loaded: 0)
Unloading 85 unused Assets / (352.7 KB). Loaded Objects now: 6256.
Memory consumption went from 232.3 MB to 231.9 MB.
Total: 4.556200 ms (FindLiveObjects: 0.652400 ms CreateObjectMapping: 0.247400 ms MarkObjects: 3.454000 ms  DeleteObjects: 0.201600 ms)

AssetImportParameters requested are different than current active one (requested -> active):
  custom:container-demuxer-ogg: 62fdf1f143b41e24485cea50d1cbac27 -> 
  custom:video-decoder-ogg-theora: a1e56fd34408186e4bbccfd4996cb3dc -> 
  custom:framework-win-MediaFoundation: 216162199b28c13a410421893ffa2e32 -> 
  custom:CustomObjectIndexerAttribute: 72b91833f83ae208fae7752999fa3104 -> 
  custom:container-demuxer-webm: 4f35f7cbe854078d1ac9338744f61a02 -> 
  custom:container-muxer-webm: aa71ff27fc2769a1b78a27578f13a17b -> 
  custom:video-decoder-webm-vp8: 9c59270c3fd7afecdb556c50c9e8de78 -> 
  custom:SearchIndexIgnoredProperties: e643bd26f0fe6173181afceb89e7c659 -> 
  custom:AudioImporter_EditorPlatform: d09bf68614088b80899f8185d706f6e7 -> 
  custom:video-encoder-webm-vp8: eb34c28f22e8b96e1ab97ce403110664 -> 
  custom:audio-decoder-ogg-vorbis: bf7c407c2cedff20999df2af8eb42d56 -> 
  custom:audio-encoder-webm-vorbis: bf7c407c2cedff20999df2af8eb42d56 -> 
========================================================================
Received Import Request.
  Time since last request: 93434.662593 seconds.
  path: Assets/Pixel2DCastleTileset/Sprites/metal.png
  artifactKey: Guid(755d05a776cea9f4d861a294390aaeae) Importer(815301076,1909f56bfc062723c751e8b465ee728b)
Start importing Assets/Pixel2DCastleTileset/Sprites/metal.png using Guid(755d05a776cea9f4d861a294390aaeae) Importer(815301076,1909f56bfc062723c751e8b465ee728b)  -> (artifact id: 'ae0bc09ac342c54c56a05c672ec332a9') in 0.082863 seconds
Number of updated asset objects reloaded before import = 0
Number of asset objects unloaded after import = 3
========================================================================
Received Import Request.
  Time since last request: 23.775453 seconds.
  path: Assets/Pixel2DCastleTileset/Sprites/metal.png
  artifactKey: Guid(755d05a776cea9f4d861a294390aaeae) Importer(815301076,1909f56bfc062723c751e8b465ee728b)
Start importing Assets/Pixel2DCastleTileset/Sprites/metal.png using Guid(755d05a776cea9f4d861a294390aaeae) Importer(815301076,1909f56bfc062723c751e8b465ee728b)  -> (artifact id: 'd4b21aaa595ebe880a24997294259d89') in 0.009334 seconds
Number of updated asset objects reloaded before import = 0
Number of asset objects unloaded after import = 3
========================================================================
Received Import Request.
  Time since last request: 14.960073 seconds.
  path: Assets/Pixel2DCastleTileset/Sprites/metal.png
  artifactKey: Guid(755d05a776cea9f4d861a294390aaeae) Importer(815301076,1909f56bfc062723c751e8b465ee728b)
Start importing Assets/Pixel2DCastleTileset/Sprites/metal.png using Guid(755d05a776cea9f4d861a294390aaeae) Importer(815301076,1909f56bfc062723c751e8b465ee728b)  -> (artifact id: '1185dfd18e3739dd30b126789c21f791') in 0.004103 seconds
Number of updated asset objects reloaded before import = 0
Number of asset objects unloaded after import = 3
========================================================================
Received Import Request.
  Time since last request: 26.338399 seconds.
  path: Assets/Pixel2DCastleTileset/Sprites/metal.png
  artifactKey: Guid(755d05a776cea9f4d861a294390aaeae) Importer(815301076,1909f56bfc062723c751e8b465ee728b)
Start importing Assets/Pixel2DCastleTileset/Sprites/metal.png using Guid(755d05a776cea9f4d861a294390aaeae) Importer(815301076,1909f56bfc062723c751e8b465ee728b)  -> (artifact id: '862455993db2c1811d6077971a65a05a') in 0.008263 seconds
Number of updated asset objects reloaded before import = 0
Number of asset objects unloaded after import = 2
========================================================================
Received Import Request.
  Time since last request: 17.131687 seconds.
  path: Assets/Pixel2DCastleTileset/Sprites/metal.png
  artifactKey: Guid(755d05a776cea9f4d861a294390aaeae) Importer(815301076,1909f56bfc062723c751e8b465ee728b)
Start importing Assets/Pixel2DCastleTileset/Sprites/metal.png using Guid(755d05a776cea9f4d861a294390aaeae) Importer(815301076,1909f56bfc062723c751e8b465ee728b)  -> (artifact id: 'c33f8b8b4049bad3bef752157c63fcec') in 0.024489 seconds
Number of updated asset objects reloaded before import = 0
Number of asset objects unloaded after import = 20
========================================================================
Received Import Request.
  Time since last request: 66.369202 seconds.
  path: Assets/Pixel2DCastleTileset/Sprites/Sliced/Castlestuff.prefab
  artifactKey: Guid(695a0e45df8c1154fbe0d904ed9203c7) Importer(815301076,1909f56bfc062723c751e8b465ee728b)
Start importing Assets/Pixel2DCastleTileset/Sprites/Sliced/Castlestuff.prefab using Guid(695a0e45df8c1154fbe0d904ed9203c7) Importer(815301076,1909f56bfc062723c751e8b465ee728b)  -> (artifact id: '9f0b35ec21facdb2f084e7eb5d76e88b') in 1.225821 seconds
Number of updated asset objects reloaded before import = 0
Number of asset objects unloaded after import = 7578
========================================================================
Received Import Request.
  Time since last request: 13.918259 seconds.
  path: Assets/Pixel2DCastleTileset/Sprites/metal_0.asset
  artifactKey: Guid(19f6b18cd6eeaf348a5aba844bfc3f35) Importer(815301076,1909f56bfc062723c751e8b465ee728b)
Start importing Assets/Pixel2DCastleTileset/Sprites/metal_0.asset using Guid(19f6b18cd6eeaf348a5aba844bfc3f35) Importer(815301076,1909f56bfc062723c751e8b465ee728b)  -> (artifact id: '8b1245ae4cbf86faff1298740d52b329') in 0.010387 seconds
Number of updated asset objects reloaded before import = 0
Number of asset objects unloaded after import = 3
========================================================================
Received Import Request.
  Time since last request: 0.000012 seconds.
  path: Assets/Pixel2DCastleTileset/Sprites/metal_6.asset
  artifactKey: Guid(501ce5b583045fe4ebd392039ee36e61) Importer(815301076,1909f56bfc062723c751e8b465ee728b)
Start importing Assets/Pixel2DCastleTileset/Sprites/metal_6.asset using Guid(501ce5b583045fe4ebd392039ee36e61) Importer(815301076,1909f56bfc062723c751e8b465ee728b)  -> (artifact id: '2af6ef4ba9d70d22f94f4ea04614319c') in 0.007893 seconds
Number of updated asset objects reloaded before import = 0
Number of asset objects unloaded after import = 3
========================================================================
Received Import Request.
  Time since last request: 0.000016 seconds.
  path: Assets/Pixel2DCastleTileset/Sprites/metal_14.asset
  artifactKey: Guid(2b4b52a3e2a750e49a78be4325e63f32) Importer(815301076,1909f56bfc062723c751e8b465ee728b)
Start importing Assets/Pixel2DCastleTileset/Sprites/metal_14.asset using Guid(2b4b52a3e2a750e49a78be4325e63f32) Importer(815301076,1909f56bfc062723c751e8b465ee728b)  -> (artifact id: '187253d5facbbdf5cde2562f02a270fe') in 0.008221 seconds
Number of updated asset objects reloaded before import = 0
Number of asset objects unloaded after import = 3
========================================================================
Received Import Request.
  Time since last request: 0.000012 seconds.
  path: Assets/Pixel2DCastleTileset/Sprites/metal_9.asset
  artifactKey: Guid(7433cc24b17ef19428fc17362e4002fa) Importer(815301076,1909f56bfc062723c751e8b465ee728b)
Start importing Assets/Pixel2DCastleTileset/Sprites/metal_9.asset using Guid(7433cc24b17ef19428fc17362e4002fa) Importer(815301076,1909f56bfc062723c751e8b465ee728b)  -> (artifact id: 'acdd55decf2b4804338ff5d612e64a56') in 0.007031 seconds
Number of updated asset objects reloaded before import = 0
Number of asset objects unloaded after import = 3
========================================================================
Received Import Request.
  Time since last request: 0.000011 seconds.
  path: Assets/Pixel2DCastleTileset/Sprites/metal_11.asset
  artifactKey: Guid(27965b13d44e5b545bf9089743df9293) Importer(815301076,1909f56bfc062723c751e8b465ee728b)
Start importing Assets/Pixel2DCastleTileset/Sprites/metal_11.asset using Guid(27965b13d44e5b545bf9089743df9293) Importer(815301076,1909f56bfc062723c751e8b465ee728b)  -> (artifact id: 'cb7a63a0c804be1fdb467586839abeb9') in 0.007147 seconds
Number of updated asset objects reloaded before import = 0
Number of asset objects unloaded after import = 3
========================================================================
Received Import Request.
  Time since last request: 0.000010 seconds.
  path: Assets/Pixel2DCastleTileset/Sprites/metal_2.asset
  artifactKey: Guid(ce6b1e427019af242a2e39c5a10e19a0) Importer(815301076,1909f56bfc062723c751e8b465ee728b)
Start importing Assets/Pixel2DCastleTileset/Sprites/metal_2.asset using Guid(ce6b1e427019af242a2e39c5a10e19a0) Importer(815301076,1909f56bfc062723c751e8b465ee728b)  -> (artifact id: 'bf08ebbbd4408a309343fd54e0864896') in 0.007793 seconds
Number of updated asset objects reloaded before import = 0
Number of asset objects unloaded after import = 3
========================================================================
Received Import Request.
  Time since last request: 0.000013 seconds.
  path: Assets/Pixel2DCastleTileset/Sprites/metal_5.asset
  artifactKey: Guid(c61c375e71bc3ee4186c6dcd4f02112a) Importer(815301076,1909f56bfc062723c751e8b465ee728b)
Start importing Assets/Pixel2DCastleTileset/Sprites/metal_5.asset using Guid(c61c375e71bc3ee4186c6dcd4f02112a) Importer(815301076,1909f56bfc062723c751e8b465ee728b)  -> (artifact id: '692d28cb306fbc61cd67ccddf37b8f00') in 0.007056 seconds
Number of updated asset objects reloaded before import = 0
Number of asset objects unloaded after import = 3
========================================================================
Received Import Request.
  Time since last request: 0.000015 seconds.
  path: Assets/Pixel2DCastleTileset/Sprites/metal_7.asset
  artifactKey: Guid(d44e691d63445ef4494946e27d66c94c) Importer(815301076,1909f56bfc062723c751e8b465ee728b)
Start importing Assets/Pixel2DCastleTileset/Sprites/metal_7.asset using Guid(d44e691d63445ef4494946e27d66c94c) Importer(815301076,1909f56bfc062723c751e8b465ee728b)  -> (artifact id: '4fe6b22134cfe1971cfa6577aa87e07c') in 0.006722 seconds
Number of updated asset objects reloaded before import = 0
Number of asset objects unloaded after import = 3
========================================================================
Received Import Request.
  Time since last request: 0.000017 seconds.
  path: Assets/Pixel2DCastleTileset/Sprites/metal_10.asset
  artifactKey: Guid(cf5e4e4d22ad0fe4a8ed1f112d895412) Importer(815301076,1909f56bfc062723c751e8b465ee728b)
Start importing Assets/Pixel2DCastleTileset/Sprites/metal_10.asset using Guid(cf5e4e4d22ad0fe4a8ed1f112d895412) Importer(815301076,1909f56bfc062723c751e8b465ee728b)  -> (artifact id: '1c89688e8b80ce657d2d7809309c5db1') in 0.007733 seconds
Number of updated asset objects reloaded before import = 0
Number of asset objects unloaded after import = 3
